[debug] [2024-04-04T05:28:28.304Z] ----------------------------------------------------------------------
[debug] [2024-04-04T05:28:28.305Z] Command:       /Users/kalebellington/.nvm/versions/node/v20.7.0/bin/node /Users/kalebellington/.nvm/versions/node/v20.7.0/bin/firebase emulators:start
[debug] [2024-04-04T05:28:28.306Z] CLI Version:   13.6.1
[debug] [2024-04-04T05:28:28.306Z] Platform:      darwin
[debug] [2024-04-04T05:28:28.306Z] Node Version:  v20.7.0
[debug] [2024-04-04T05:28:28.306Z] Time:          Thu Apr 04 2024 01:28:28 GMT-0400 (Eastern Daylight Time)
[debug] [2024-04-04T05:28:28.306Z] ----------------------------------------------------------------------
[debug] 
[debug] [2024-04-04T05:28:28.348Z] > command requires scopes: ["email","openid","https://www.googleapis.com/auth/cloudplatformprojects.readonly","https://www.googleapis.com/auth/firebase","https://www.googleapis.com/auth/cloud-platform"]
[debug] [2024-04-04T05:28:28.348Z] > authorizing via signed-in user (friendfooty@gmail.com)
[info] i  emulators: Starting emulators: auth {"metadata":{"emulator":{"name":"hub"},"message":"Starting emulators: auth"}}
[debug] [2024-04-04T05:28:28.469Z] [logging] Logging Emulator only supports listening on one address (127.0.0.1). Not listening on ::1
[debug] [2024-04-04T05:28:28.469Z] [auth] Authentication Emulator only supports listening on one address (127.0.0.1). Not listening on ::1
[debug] [2024-04-04T05:28:28.469Z] assigned listening specs for emulators {"user":{"hub":[{"address":"127.0.0.1","family":"IPv4","port":4400},{"address":"::1","family":"IPv6","port":4400}],"ui":[{"address":"127.0.0.1","family":"IPv4","port":4000},{"address":"::1","family":"IPv6","port":4000}],"logging":[{"address":"127.0.0.1","family":"IPv4","port":4500}],"auth":[{"address":"127.0.0.1","family":"IPv4","port":9099}]},"metadata":{"message":"assigned listening specs for emulators"}}
[debug] [2024-04-04T05:28:28.471Z] [hub] writing locator at /var/folders/6x/98q334m14dq6mzg0592lzw_40000gn/T/hub-footyfriendv2.json
[info] i  ui: downloading ui-v1.11.8.zip... {"metadata":{"emulator":{"name":"ui"},"message":"downloading ui-v1.11.8.zip..."}}
[debug] [2024-04-04T05:28:30.915Z] >>> [apiv2][query] GET https://storage.googleapis.com/firebase-preview-drop/emulator/ui-v1.11.8.zip 
[debug] [2024-04-04T05:28:31.078Z] <<< [apiv2][status] GET https://storage.googleapis.com/firebase-preview-drop/emulator/ui-v1.11.8.zip 200
[debug] [2024-04-04T05:28:31.078Z] <<< [apiv2][body] GET https://storage.googleapis.com/firebase-preview-drop/emulator/ui-v1.11.8.zip [stream]
[debug] [2024-04-04T05:28:31.597Z] Data is 3523907
[debug] [2024-04-04T05:28:31.597Z] [unzip] Entry: client/ (compressed_size=0 bytes, uncompressed_size=0 bytes)
[debug] [2024-04-04T05:28:31.597Z] [unzip] Processing entry: client/
[debug] [2024-04-04T05:28:31.597Z] [unzip] mkdir: /Users/kalebellington/.cache/firebase/emulators/ui-v1.11.8/client/
[debug] [2024-04-04T05:28:31.598Z] [unzip] Entry: client/favicon.ico (compressed_size=2497 bytes, uncompressed_size=7406 bytes)
[debug] [2024-04-04T05:28:31.598Z] [unzip] Processing entry: client/favicon.ico
[debug] [2024-04-04T05:28:31.598Z] [unzip] else mkdir: /Users/kalebellington/.cache/firebase/emulators/ui-v1.11.8/client
[debug] [2024-04-04T05:28:31.598Z] [unzip] deflating: /Users/kalebellington/.cache/firebase/emulators/ui-v1.11.8/client/favicon.ico
[debug] [2024-04-04T05:28:31.601Z] [unzip] Entry: client/apple-touch-icon.png (compressed_size=7231 bytes, uncompressed_size=7367 bytes)
[debug] [2024-04-04T05:28:31.601Z] [unzip] Processing entry: client/apple-touch-icon.png
[debug] [2024-04-04T05:28:31.601Z] [unzip] else mkdir: /Users/kalebellington/.cache/firebase/emulators/ui-v1.11.8/client
[debug] [2024-04-04T05:28:31.601Z] [unzip] deflating: /Users/kalebellington/.cache/firebase/emulators/ui-v1.11.8/client/apple-touch-icon.png
[debug] [2024-04-04T05:28:31.602Z] [unzip] Entry: client/android-chrome-512x512.png (compressed_size=16987 bytes, uncompressed_size=18186 bytes)
[debug] [2024-04-04T05:28:31.602Z] [unzip] Processing entry: client/android-chrome-512x512.png
[debug] [2024-04-04T05:28:31.602Z] [unzip] else mkdir: /Users/kalebellington/.cache/firebase/emulators/ui-v1.11.8/client
[debug] [2024-04-04T05:28:31.602Z] [unzip] deflating: /Users/kalebellington/.cache/firebase/emulators/ui-v1.11.8/client/android-chrome-512x512.png
[debug] [2024-04-04T05:28:31.603Z] [unzip] Entry: client/assets/ (compressed_size=0 bytes, uncompressed_size=0 bytes)
[debug] [2024-04-04T05:28:31.603Z] [unzip] Processing entry: client/assets/
[debug] [2024-04-04T05:28:31.603Z] [unzip] mkdir: /Users/kalebellington/.cache/firebase/emulators/ui-v1.11.8/client/assets/
[debug] [2024-04-04T05:28:31.603Z] [unzip] Entry: client/assets/extensions/ (compressed_size=0 bytes, uncompressed_size=0 bytes)
[debug] [2024-04-04T05:28:31.603Z] [unzip] Processing entry: client/assets/extensions/
[debug] [2024-04-04T05:28:31.604Z] [unzip] mkdir: /Users/kalebellington/.cache/firebase/emulators/ui-v1.11.8/client/assets/extensions/
[debug] [2024-04-04T05:28:31.604Z] [unzip] Entry: client/assets/extensions/default-extension.png (compressed_size=1646 bytes, uncompressed_size=1657 bytes)
[debug] [2024-04-04T05:28:31.604Z] [unzip] Processing entry: client/assets/extensions/default-extension.png
[debug] [2024-04-04T05:28:31.604Z] [unzip] else mkdir: /Users/kalebellington/.cache/firebase/emulators/ui-v1.11.8/client/assets/extensions
[debug] [2024-04-04T05:28:31.604Z] [unzip] deflating: /Users/kalebellington/.cache/firebase/emulators/ui-v1.11.8/client/assets/extensions/default-extension.png
[debug] [2024-04-04T05:28:31.604Z] [unzip] Entry: client/assets/index-Z4-ilXvq.js.map (compressed_size=2229704 bytes, uncompressed_size=9599487 bytes)
[debug] [2024-04-04T05:28:31.604Z] [unzip] Processing entry: client/assets/index-Z4-ilXvq.js.map
[debug] [2024-04-04T05:28:31.604Z] [unzip] else mkdir: /Users/kalebellington/.cache/firebase/emulators/ui-v1.11.8/client/assets
[debug] [2024-04-04T05:28:31.604Z] [unzip] deflating: /Users/kalebellington/.cache/firebase/emulators/ui-v1.11.8/client/assets/index-Z4-ilXvq.js.map
[debug] [2024-04-04T05:28:31.632Z] [unzip] Entry: client/assets/provider-icons/ (compressed_size=0 bytes, uncompressed_size=0 bytes)
[debug] [2024-04-04T05:28:31.632Z] [unzip] Processing entry: client/assets/provider-icons/
[debug] [2024-04-04T05:28:31.632Z] [unzip] mkdir: /Users/kalebellington/.cache/firebase/emulators/ui-v1.11.8/client/assets/provider-icons/
[debug] [2024-04-04T05:28:31.632Z] [unzip] Entry: client/assets/provider-icons/auth_service_oidc.svg (compressed_size=414 bytes, uncompressed_size=858 bytes)
[debug] [2024-04-04T05:28:31.632Z] [unzip] Processing entry: client/assets/provider-icons/auth_service_oidc.svg
[debug] [2024-04-04T05:28:31.633Z] [unzip] else mkdir: /Users/kalebellington/.cache/firebase/emulators/ui-v1.11.8/client/assets/provider-icons
[debug] [2024-04-04T05:28:31.633Z] [unzip] deflating: /Users/kalebellington/.cache/firebase/emulators/ui-v1.11.8/client/assets/provider-icons/auth_service_oidc.svg
[debug] [2024-04-04T05:28:31.633Z] [unzip] Entry: client/assets/provider-icons/auth_service_yahoo.svg (compressed_size=577 bytes, uncompressed_size=1182 bytes)
[debug] [2024-04-04T05:28:31.633Z] [unzip] Processing entry: client/assets/provider-icons/auth_service_yahoo.svg
[debug] [2024-04-04T05:28:31.633Z] [unzip] else mkdir: /Users/kalebellington/.cache/firebase/emulators/ui-v1.11.8/client/assets/provider-icons
[debug] [2024-04-04T05:28:31.633Z] [unzip] deflating: /Users/kalebellington/.cache/firebase/emulators/ui-v1.11.8/client/assets/provider-icons/auth_service_yahoo.svg
[debug] [2024-04-04T05:28:31.633Z] [unzip] Entry: client/assets/provider-icons/auth_service_phone.svg (compressed_size=261 bytes, uncompressed_size=414 bytes)
[debug] [2024-04-04T05:28:31.633Z] [unzip] Processing entry: client/assets/provider-icons/auth_service_phone.svg
[debug] [2024-04-04T05:28:31.633Z] [unzip] else mkdir: /Users/kalebellington/.cache/firebase/emulators/ui-v1.11.8/client/assets/provider-icons
[debug] [2024-04-04T05:28:31.633Z] [unzip] deflating: /Users/kalebellington/.cache/firebase/emulators/ui-v1.11.8/client/assets/provider-icons/auth_service_phone.svg
[debug] [2024-04-04T05:28:31.634Z] [unzip] Entry: client/assets/provider-icons/auth_service_saml.svg (compressed_size=575 bytes, uncompressed_size=1226 bytes)
[debug] [2024-04-04T05:28:31.634Z] [unzip] Processing entry: client/assets/provider-icons/auth_service_saml.svg
[debug] [2024-04-04T05:28:31.634Z] [unzip] else mkdir: /Users/kalebellington/.cache/firebase/emulators/ui-v1.11.8/client/assets/provider-icons
[debug] [2024-04-04T05:28:31.634Z] [unzip] deflating: /Users/kalebellington/.cache/firebase/emulators/ui-v1.11.8/client/assets/provider-icons/auth_service_saml.svg
[debug] [2024-04-04T05:28:31.634Z] [unzip] Entry: client/assets/provider-icons/auth_service_mslive.svg (compressed_size=203 bytes, uncompressed_size=378 bytes)
[debug] [2024-04-04T05:28:31.634Z] [unzip] Processing entry: client/assets/provider-icons/auth_service_mslive.svg
[debug] [2024-04-04T05:28:31.634Z] [unzip] else mkdir: /Users/kalebellington/.cache/firebase/emulators/ui-v1.11.8/client/assets/provider-icons
[debug] [2024-04-04T05:28:31.634Z] [unzip] deflating: /Users/kalebellington/.cache/firebase/emulators/ui-v1.11.8/client/assets/provider-icons/auth_service_mslive.svg
[debug] [2024-04-04T05:28:31.635Z] [unzip] Entry: client/assets/provider-icons/auth_service_facebook.svg (compressed_size=289 bytes, uncompressed_size=457 bytes)
[debug] [2024-04-04T05:28:31.635Z] [unzip] Processing entry: client/assets/provider-icons/auth_service_facebook.svg
[debug] [2024-04-04T05:28:31.635Z] [unzip] else mkdir: /Users/kalebellington/.cache/firebase/emulators/ui-v1.11.8/client/assets/provider-icons
[debug] [2024-04-04T05:28:31.635Z] [unzip] deflating: /Users/kalebellington/.cache/firebase/emulators/ui-v1.11.8/client/assets/provider-icons/auth_service_facebook.svg
[debug] [2024-04-04T05:28:31.635Z] [unzip] Entry: client/assets/provider-icons/auth_service_play_games.svg (compressed_size=565 bytes, uncompressed_size=1173 bytes)
[debug] [2024-04-04T05:28:31.635Z] [unzip] Processing entry: client/assets/provider-icons/auth_service_play_games.svg
[debug] [2024-04-04T05:28:31.635Z] [unzip] else mkdir: /Users/kalebellington/.cache/firebase/emulators/ui-v1.11.8/client/assets/provider-icons
[debug] [2024-04-04T05:28:31.635Z] [unzip] deflating: /Users/kalebellington/.cache/firebase/emulators/ui-v1.11.8/client/assets/provider-icons/auth_service_play_games.svg
[debug] [2024-04-04T05:28:31.635Z] [unzip] Entry: client/assets/provider-icons/auth_service_github.svg (compressed_size=466 bytes, uncompressed_size=838 bytes)
[debug] [2024-04-04T05:28:31.635Z] [unzip] Processing entry: client/assets/provider-icons/auth_service_github.svg
[debug] [2024-04-04T05:28:31.635Z] [unzip] else mkdir: /Users/kalebellington/.cache/firebase/emulators/ui-v1.11.8/client/assets/provider-icons
[debug] [2024-04-04T05:28:31.635Z] [unzip] deflating: /Users/kalebellington/.cache/firebase/emulators/ui-v1.11.8/client/assets/provider-icons/auth_service_github.svg
[debug] [2024-04-04T05:28:31.636Z] [unzip] Entry: client/assets/provider-icons/auth_service_apple.svg (compressed_size=230 bytes, uncompressed_size=334 bytes)
[debug] [2024-04-04T05:28:31.636Z] [unzip] Processing entry: client/assets/provider-icons/auth_service_apple.svg
[debug] [2024-04-04T05:28:31.636Z] [unzip] else mkdir: /Users/kalebellington/.cache/firebase/emulators/ui-v1.11.8/client/assets/provider-icons
[debug] [2024-04-04T05:28:31.636Z] [unzip] deflating: /Users/kalebellington/.cache/firebase/emulators/ui-v1.11.8/client/assets/provider-icons/auth_service_apple.svg
[debug] [2024-04-04T05:28:31.636Z] [unzip] Entry: client/assets/provider-icons/auth_service_google.svg (compressed_size=409 bytes, uncompressed_size=720 bytes)
[debug] [2024-04-04T05:28:31.636Z] [unzip] Processing entry: client/assets/provider-icons/auth_service_google.svg
[debug] [2024-04-04T05:28:31.636Z] [unzip] else mkdir: /Users/kalebellington/.cache/firebase/emulators/ui-v1.11.8/client/assets/provider-icons
[debug] [2024-04-04T05:28:31.636Z] [unzip] deflating: /Users/kalebellington/.cache/firebase/emulators/ui-v1.11.8/client/assets/provider-icons/auth_service_google.svg
[debug] [2024-04-04T05:28:31.636Z] [unzip] Entry: client/assets/provider-icons/auth_service_email.svg (compressed_size=228 bytes, uncompressed_size=326 bytes)
[debug] [2024-04-04T05:28:31.636Z] [unzip] Processing entry: client/assets/provider-icons/auth_service_email.svg
[debug] [2024-04-04T05:28:31.636Z] [unzip] else mkdir: /Users/kalebellington/.cache/firebase/emulators/ui-v1.11.8/client/assets/provider-icons
[debug] [2024-04-04T05:28:31.636Z] [unzip] deflating: /Users/kalebellington/.cache/firebase/emulators/ui-v1.11.8/client/assets/provider-icons/auth_service_email.svg
[debug] [2024-04-04T05:28:31.637Z] [unzip] Entry: client/assets/provider-icons/auth_service_twitter.svg (compressed_size=444 bytes, uncompressed_size=751 bytes)
[debug] [2024-04-04T05:28:31.637Z] [unzip] Processing entry: client/assets/provider-icons/auth_service_twitter.svg
[debug] [2024-04-04T05:28:31.637Z] [unzip] else mkdir: /Users/kalebellington/.cache/firebase/emulators/ui-v1.11.8/client/assets/provider-icons
[debug] [2024-04-04T05:28:31.637Z] [unzip] deflating: /Users/kalebellington/.cache/firebase/emulators/ui-v1.11.8/client/assets/provider-icons/auth_service_twitter.svg
[debug] [2024-04-04T05:28:31.637Z] [unzip] Entry: client/assets/provider-icons/auth_service_game_center.svg (compressed_size=991 bytes, uncompressed_size=3921 bytes)
[debug] [2024-04-04T05:28:31.637Z] [unzip] Processing entry: client/assets/provider-icons/auth_service_game_center.svg
[debug] [2024-04-04T05:28:31.637Z] [unzip] else mkdir: /Users/kalebellington/.cache/firebase/emulators/ui-v1.11.8/client/assets/provider-icons
[debug] [2024-04-04T05:28:31.637Z] [unzip] deflating: /Users/kalebellington/.cache/firebase/emulators/ui-v1.11.8/client/assets/provider-icons/auth_service_game_center.svg
[debug] [2024-04-04T05:28:31.637Z] [unzip] Entry: client/assets/img/ (compressed_size=0 bytes, uncompressed_size=0 bytes)
[debug] [2024-04-04T05:28:31.637Z] [unzip] Processing entry: client/assets/img/
[debug] [2024-04-04T05:28:31.637Z] [unzip] mkdir: /Users/kalebellington/.cache/firebase/emulators/ui-v1.11.8/client/assets/img/
[debug] [2024-04-04T05:28:31.637Z] [unzip] Entry: client/assets/img/database.png (compressed_size=29449 bytes, uncompressed_size=29988 bytes)
[debug] [2024-04-04T05:28:31.637Z] [unzip] Processing entry: client/assets/img/database.png
[debug] [2024-04-04T05:28:31.637Z] [unzip] else mkdir: /Users/kalebellington/.cache/firebase/emulators/ui-v1.11.8/client/assets/img
[debug] [2024-04-04T05:28:31.637Z] [unzip] deflating: /Users/kalebellington/.cache/firebase/emulators/ui-v1.11.8/client/assets/img/database.png
[debug] [2024-04-04T05:28:31.638Z] [unzip] Entry: client/assets/index-Cj5I7867.css (compressed_size=35786 bytes, uncompressed_size=297937 bytes)
[debug] [2024-04-04T05:28:31.638Z] [unzip] Processing entry: client/assets/index-Cj5I7867.css
[debug] [2024-04-04T05:28:31.638Z] [unzip] else mkdir: /Users/kalebellington/.cache/firebase/emulators/ui-v1.11.8/client/assets
[debug] [2024-04-04T05:28:31.638Z] [unzip] deflating: /Users/kalebellington/.cache/firebase/emulators/ui-v1.11.8/client/assets/index-Cj5I7867.css
[debug] [2024-04-04T05:28:31.638Z] [unzip] Entry: client/assets/index-Z4-ilXvq.js (compressed_size=563876 bytes, uncompressed_size=2021818 bytes)
[debug] [2024-04-04T05:28:31.638Z] [unzip] Processing entry: client/assets/index-Z4-ilXvq.js
[debug] [2024-04-04T05:28:31.638Z] [unzip] else mkdir: /Users/kalebellington/.cache/firebase/emulators/ui-v1.11.8/client/assets
[debug] [2024-04-04T05:28:31.638Z] [unzip] deflating: /Users/kalebellington/.cache/firebase/emulators/ui-v1.11.8/client/assets/index-Z4-ilXvq.js
[debug] [2024-04-04T05:28:31.644Z] [unzip] Entry: client/safari-pinned-tab.svg (compressed_size=838 bytes, uncompressed_size=1504 bytes)
[debug] [2024-04-04T05:28:31.644Z] [unzip] Processing entry: client/safari-pinned-tab.svg
[debug] [2024-04-04T05:28:31.644Z] [unzip] else mkdir: /Users/kalebellington/.cache/firebase/emulators/ui-v1.11.8/client
[debug] [2024-04-04T05:28:31.644Z] [unzip] deflating: /Users/kalebellington/.cache/firebase/emulators/ui-v1.11.8/client/safari-pinned-tab.svg
[debug] [2024-04-04T05:28:31.644Z] [unzip] Entry: client/mstile-150x150.png (compressed_size=5406 bytes, uncompressed_size=5723 bytes)
[debug] [2024-04-04T05:28:31.644Z] [unzip] Processing entry: client/mstile-150x150.png
[debug] [2024-04-04T05:28:31.644Z] [unzip] else mkdir: /Users/kalebellington/.cache/firebase/emulators/ui-v1.11.8/client
[debug] [2024-04-04T05:28:31.644Z] [unzip] deflating: /Users/kalebellington/.cache/firebase/emulators/ui-v1.11.8/client/mstile-150x150.png
[debug] [2024-04-04T05:28:31.644Z] [unzip] Entry: client/browserconfig.xml (compressed_size=491 bytes, uncompressed_size=822 bytes)
[debug] [2024-04-04T05:28:31.644Z] [unzip] Processing entry: client/browserconfig.xml
[debug] [2024-04-04T05:28:31.644Z] [unzip] else mkdir: /Users/kalebellington/.cache/firebase/emulators/ui-v1.11.8/client
[debug] [2024-04-04T05:28:31.644Z] [unzip] deflating: /Users/kalebellington/.cache/firebase/emulators/ui-v1.11.8/client/browserconfig.xml
[debug] [2024-04-04T05:28:31.645Z] [unzip] Entry: client/robots.txt (compressed_size=26 bytes, uncompressed_size=26 bytes)
[debug] [2024-04-04T05:28:31.645Z] [unzip] Processing entry: client/robots.txt
[debug] [2024-04-04T05:28:31.645Z] [unzip] else mkdir: /Users/kalebellington/.cache/firebase/emulators/ui-v1.11.8/client
[debug] [2024-04-04T05:28:31.645Z] [unzip] Writing file: /Users/kalebellington/.cache/firebase/emulators/ui-v1.11.8/client/robots.txt
[debug] [2024-04-04T05:28:31.645Z] [unzip] Entry: client/index.html (compressed_size=1365 bytes, uncompressed_size=3071 bytes)
[debug] [2024-04-04T05:28:31.645Z] [unzip] Processing entry: client/index.html
[debug] [2024-04-04T05:28:31.645Z] [unzip] else mkdir: /Users/kalebellington/.cache/firebase/emulators/ui-v1.11.8/client
[debug] [2024-04-04T05:28:31.645Z] [unzip] deflating: /Users/kalebellington/.cache/firebase/emulators/ui-v1.11.8/client/index.html
[debug] [2024-04-04T05:28:31.645Z] [unzip] Entry: client/favicon-16x16.png (compressed_size=757 bytes, uncompressed_size=777 bytes)
[debug] [2024-04-04T05:28:31.645Z] [unzip] Processing entry: client/favicon-16x16.png
[debug] [2024-04-04T05:28:31.645Z] [unzip] else mkdir: /Users/kalebellington/.cache/firebase/emulators/ui-v1.11.8/client
[debug] [2024-04-04T05:28:31.645Z] [unzip] deflating: /Users/kalebellington/.cache/firebase/emulators/ui-v1.11.8/client/favicon-16x16.png
[debug] [2024-04-04T05:28:31.646Z] [unzip] Entry: client/manifest.json (compressed_size=246 bytes, uncompressed_size=551 bytes)
[debug] [2024-04-04T05:28:31.646Z] [unzip] Processing entry: client/manifest.json
[debug] [2024-04-04T05:28:31.646Z] [unzip] else mkdir: /Users/kalebellington/.cache/firebase/emulators/ui-v1.11.8/client
[debug] [2024-04-04T05:28:31.646Z] [unzip] deflating: /Users/kalebellington/.cache/firebase/emulators/ui-v1.11.8/client/manifest.json
[debug] [2024-04-04T05:28:31.646Z] [unzip] Entry: client/favicon-32x32.png (compressed_size=1175 bytes, uncompressed_size=1175 bytes)
[debug] [2024-04-04T05:28:31.646Z] [unzip] Processing entry: client/favicon-32x32.png
[debug] [2024-04-04T05:28:31.646Z] [unzip] else mkdir: /Users/kalebellington/.cache/firebase/emulators/ui-v1.11.8/client
[debug] [2024-04-04T05:28:31.647Z] [unzip] Writing file: /Users/kalebellington/.cache/firebase/emulators/ui-v1.11.8/client/favicon-32x32.png
[debug] [2024-04-04T05:28:31.647Z] [unzip] Entry: client/android-chrome-192x192.png (compressed_size=7602 bytes, uncompressed_size=7834 bytes)
[debug] [2024-04-04T05:28:31.647Z] [unzip] Processing entry: client/android-chrome-192x192.png
[debug] [2024-04-04T05:28:31.647Z] [unzip] else mkdir: /Users/kalebellington/.cache/firebase/emulators/ui-v1.11.8/client
[debug] [2024-04-04T05:28:31.647Z] [unzip] deflating: /Users/kalebellington/.cache/firebase/emulators/ui-v1.11.8/client/android-chrome-192x192.png
[debug] [2024-04-04T05:28:31.647Z] [unzip] Entry: server/ (compressed_size=0 bytes, uncompressed_size=0 bytes)
[debug] [2024-04-04T05:28:31.647Z] [unzip] Processing entry: server/
[debug] [2024-04-04T05:28:31.647Z] [unzip] mkdir: /Users/kalebellington/.cache/firebase/emulators/ui-v1.11.8/server/
[debug] [2024-04-04T05:28:31.647Z] [unzip] Entry: server/server.mjs (compressed_size=311497 bytes, uncompressed_size=1147307 bytes)
[debug] [2024-04-04T05:28:31.647Z] [unzip] Processing entry: server/server.mjs
[debug] [2024-04-04T05:28:31.647Z] [unzip] else mkdir: /Users/kalebellington/.cache/firebase/emulators/ui-v1.11.8/server
[debug] [2024-04-04T05:28:31.647Z] [unzip] deflating: /Users/kalebellington/.cache/firebase/emulators/ui-v1.11.8/server/server.mjs
[debug] [2024-04-04T05:28:31.650Z] [unzip] Entry: server/assets/ (compressed_size=0 bytes, uncompressed_size=0 bytes)
[debug] [2024-04-04T05:28:31.650Z] [unzip] Processing entry: server/assets/
[debug] [2024-04-04T05:28:31.650Z] [unzip] mkdir: /Users/kalebellington/.cache/firebase/emulators/ui-v1.11.8/server/assets/
[debug] [2024-04-04T05:28:31.650Z] [unzip] Entry: server/assets/multipart-parser-n20ATYm_.mjs.map (compressed_size=4790 bytes, uncompressed_size=17920 bytes)
[debug] [2024-04-04T05:28:31.650Z] [unzip] Processing entry: server/assets/multipart-parser-n20ATYm_.mjs.map
[debug] [2024-04-04T05:28:31.650Z] [unzip] else mkdir: /Users/kalebellington/.cache/firebase/emulators/ui-v1.11.8/server/assets
[debug] [2024-04-04T05:28:31.650Z] [unzip] deflating: /Users/kalebellington/.cache/firebase/emulators/ui-v1.11.8/server/assets/multipart-parser-n20ATYm_.mjs.map
[debug] [2024-04-04T05:28:31.651Z] [unzip] Entry: server/assets/multipart-parser-n20ATYm_.mjs (compressed_size=2625 bytes, uncompressed_size=10428 bytes)
[debug] [2024-04-04T05:28:31.651Z] [unzip] Processing entry: server/assets/multipart-parser-n20ATYm_.mjs
[debug] [2024-04-04T05:28:31.651Z] [unzip] else mkdir: /Users/kalebellington/.cache/firebase/emulators/ui-v1.11.8/server/assets
[debug] [2024-04-04T05:28:31.651Z] [unzip] deflating: /Users/kalebellington/.cache/firebase/emulators/ui-v1.11.8/server/assets/multipart-parser-n20ATYm_.mjs
[debug] [2024-04-04T05:28:31.651Z] [unzip] Entry: server/server.mjs.map (compressed_size=286219 bytes, uncompressed_size=1310517 bytes)
[debug] [2024-04-04T05:28:31.651Z] [unzip] Processing entry: server/server.mjs.map
[debug] [2024-04-04T05:28:31.651Z] [unzip] else mkdir: /Users/kalebellington/.cache/firebase/emulators/ui-v1.11.8/server
[debug] [2024-04-04T05:28:31.651Z] [unzip] deflating: /Users/kalebellington/.cache/firebase/emulators/ui-v1.11.8/server/server.mjs.map
[debug] [2024-04-04T05:28:31.654Z] Ignoring unsupported arg: auto_download {"metadata":{"emulator":{"name":"ui"},"message":"Ignoring unsupported arg: auto_download"}}
[debug] [2024-04-04T05:28:31.654Z] Ignoring unsupported arg: port {"metadata":{"emulator":{"name":"ui"},"message":"Ignoring unsupported arg: port"}}
[debug] [2024-04-04T05:28:31.654Z] Starting Emulator UI with command {"binary":"node","args":["/Users/kalebellington/.cache/firebase/emulators/ui-v1.11.8/server/server.mjs"],"optionalArgs":[],"joinArgs":false} {"metadata":{"emulator":{"name":"ui"},"message":"Starting Emulator UI with command {\"binary\":\"node\",\"args\":[\"/Users/kalebellington/.cache/firebase/emulators/ui-v1.11.8/server/server.mjs\"],\"optionalArgs\":[],\"joinArgs\":false}"}}
[info] i  ui: Emulator UI logging to ui-debug.log {"metadata":{"emulator":{"name":"ui"},"message":"Emulator UI logging to \u001b[1mui-debug.log\u001b[22m"}}
[debug] [2024-04-04T05:28:31.717Z] Web / API server started at 127.0.0.1:4000
 {"metadata":{"emulator":{"name":"ui"},"message":"Web / API server started at 127.0.0.1:4000\n"}}
[debug] [2024-04-04T05:28:31.717Z] Web / API server started at ::1:4000
 {"metadata":{"emulator":{"name":"ui"},"message":"Web / API server started at ::1:4000\n"}}
[info] 
┌─────────────────────────────────────────────────────────────┐
│ ✔  All emulators ready! It is now safe to connect your app. │
│ i  View Emulator UI at http://127.0.0.1:4000/               │
└─────────────────────────────────────────────────────────────┘

┌────────────────┬────────────────┬────────────────────────────┐
│ Emulator       │ Host:Port      │ View in Emulator UI        │
├────────────────┼────────────────┼────────────────────────────┤
│ Authentication │ 127.0.0.1:9099 │ http://127.0.0.1:4000/auth │
└────────────────┴────────────────┴────────────────────────────┘
  Emulator Hub running at 127.0.0.1:4400
  Other reserved ports: 4500

Issues? Report them at https://github.com/firebase/firebase-tools/issues and attach the *-debug.log files.
 
